<?xml version="1.0" encoding="UTF-8"?>
<!-- Generated by org.testng.reporters.JUnitXMLReporter -->
<testsuite hostname="showkots-MBP.fios-router.home" ignored="1" name="Default test" tests="1" failures="0" timestamp="2022-05-24T14:03:09 EDT" time="0.077" errors="0">
  <testcase name="@BeforeMethod setUp" time="-1.653415389863E9" classname="capitalOneBank.QA.Base.BaseClass">
    <failure type="org.testng.TestNGException" message="
Parameter &amp;apos;browser&amp;apos; is required by BeforeMethod on method setUp but has not been marked @Optional or defined
in /private/var/folders/2t/k2xbc9v56vn9jz_j2mqd4dk40000gn/T/testng-eclipse--852740181/testng-customsuite.xml">
      <![CDATA[org.testng.TestNGException: 
Parameter 'browser' is required by BeforeMethod on method setUp but has not been marked @Optional or defined
in /private/var/folders/2t/k2xbc9v56vn9jz_j2mqd4dk40000gn/T/testng-eclipse--852740181/testng-customsuite.xml
at org.testng.internal.Parameters.createParams(Parameters.java:267)
at org.testng.internal.Parameters.createParametersForMethod(Parameters.java:355)
at org.testng.internal.Parameters.createParameters(Parameters.java:660)
at org.testng.internal.Parameters.createConfigurationParameters(Parameters.java:166)
at org.testng.internal.invokers.ConfigInvoker.invokeConfigurations(ConfigInvoker.java:300)
at org.testng.internal.invokers.TestInvoker.runConfigMethods(TestInvoker.java:803)
at org.testng.internal.invokers.TestInvoker.invokeMethod(TestInvoker.java:589)
at org.testng.internal.invokers.TestInvoker.invokeTestMethod(TestInvoker.java:220)
at org.testng.internal.invokers.MethodRunner.runInSequence(MethodRunner.java:50)
at org.testng.internal.invokers.TestInvoker$MethodInvocationAgent.invoke(TestInvoker.java:945)
at org.testng.internal.invokers.TestInvoker.invokeTestMethods(TestInvoker.java:193)
at org.testng.internal.invokers.TestMethodWorker.invokeTestMethods(TestMethodWorker.java:146)
at org.testng.internal.invokers.TestMethodWorker.run(TestMethodWorker.java:128)
at java.util.ArrayList.forEach(ArrayList.java:1259)
at org.testng.TestRunner.privateRun(TestRunner.java:808)
at org.testng.TestRunner.run(TestRunner.java:603)
at org.testng.SuiteRunner.runTest(SuiteRunner.java:429)
at org.testng.SuiteRunner.runSequentially(SuiteRunner.java:423)
at org.testng.SuiteRunner.privateRun(SuiteRunner.java:383)
at org.testng.SuiteRunner.run(SuiteRunner.java:326)
at org.testng.SuiteRunnerWorker.runSuite(SuiteRunnerWorker.java:52)
at org.testng.SuiteRunnerWorker.run(SuiteRunnerWorker.java:95)
at org.testng.TestNG.runSuitesSequentially(TestNG.java:1249)
at org.testng.TestNG.runSuitesLocally(TestNG.java:1169)
at org.testng.TestNG.runSuites(TestNG.java:1092)
at org.testng.TestNG.run(TestNG.java:1060)
at org.testng.remote.AbstractRemoteTestNG.run(AbstractRemoteTestNG.java:115)
at org.testng.remote.RemoteTestNG.initAndRun(RemoteTestNG.java:251)
at org.testng.remote.RemoteTestNG.main(RemoteTestNG.java:77)
]]>
    </failure>
  </testcase> <!-- @BeforeMethod setUp -->
  <testcase name="@BeforeMethod startReport" time="0.0" classname="capitalOneBank.QA.Base.BaseClass">
    <skipped/>
  </testcase> <!-- @BeforeMethod startReport -->
  <testcase name="@AfterMethod afterEachTestMethod" time="0.0" classname="capitalOneBank.QA.Base.BaseClass">
    <skipped/>
  </testcase> <!-- @AfterMethod afterEachTestMethod -->
  <testcase name="@AfterMethod cleaningUp" time="0.0" classname="capitalOneBank.QA.Base.BaseClass">
    <skipped/>
  </testcase> <!-- @AfterMethod cleaningUp -->
  <testcase name="openAccountShowkot" time="0.0" classname="capitalOne.Qa.Test.OpenAccount.OpenAccountTest">
    <skipped/>
  </testcase> <!-- openAccountShowkot -->
  <testcase name="openAccountShareer" time="0.0" classname="capitalOne.Qa.Test.OpenAccount.OpenAccountTest">
    <ignored/>
  </testcase> <!-- openAccountShareer -->
</testsuite> <!-- Default test -->
