<?xml version="1.0" encoding="UTF-8"?>
<!-- Generated by org.testng.reporters.JUnitXMLReporter -->
<testsuite hostname="showkots-MBP.fios-router.home" ignored="1" name="RegressionTest" tests="1" failures="0" timestamp="2022-05-24T13:57:29 EDT" time="0.064" errors="0">
  <testcase name="@BeforeMethod setUp" time="-1.653415049502E9" classname="capitalOneBank.QA.Base.BaseClass">
    <failure type="org.testng.TestNGException" message="
Parameter &amp;apos;browser&amp;apos; is required by BeforeMethod on method setUp but has not been marked @Optional or defined
in /Users/showkotakbor/eclipse-workspace/com.CapitalOneBank.QA/RegressionSuite.xml">
      <![CDATA[org.testng.TestNGException: 
Parameter 'browser' is required by BeforeMethod on method setUp but has not been marked @Optional or defined
in /Users/showkotakbor/eclipse-workspace/com.CapitalOneBank.QA/RegressionSuite.xml
at java.util.ArrayList.forEach(ArrayList.java:1259)
... Removed 28 stack frames]]>
    </failure>
  </testcase> <!-- @BeforeMethod setUp -->
  <testcase name="@BeforeMethod startReport" time="0.0" classname="capitalOneBank.QA.Base.BaseClass">
    <skipped/>
  </testcase> <!-- @BeforeMethod startReport -->
  <testcase name="@AfterMethod afterEachTestMethod" time="0.0" classname="capitalOneBank.QA.Base.BaseClass">
    <skipped/>
  </testcase> <!-- @AfterMethod afterEachTestMethod -->
  <testcase name="@AfterMethod cleaningUp" time="0.0" classname="capitalOneBank.QA.Base.BaseClass">
    <skipped/>
  </testcase> <!-- @AfterMethod cleaningUp -->
  <testcase name="openAccountShareer" time="0.0" classname="capitalOne.Qa.Test.OpenAccount.OpenAccountTest">
    <skipped/>
  </testcase> <!-- openAccountShareer -->
  <testcase name="openAccountShowkot" time="0.0" classname="capitalOne.Qa.Test.OpenAccount.OpenAccountTest">
    <ignored/>
  </testcase> <!-- openAccountShowkot -->
</testsuite> <!-- RegressionTest -->
