<?xml version="1.0" encoding="UTF-8"?>
<!-- Generated by org.testng.reporters.JUnitReportReporter -->
<testsuite skipped="0" hostname="showkots-MBP.fios-router.home" name="capitalOne.Qa.Test.OpenAccount.OpenAccountTestRobust" tests="1" failures="0" timestamp="2022-05-24T12:54:38 EDT" time="0.000" errors="1">
  <testcase name="showkotTest" time="0.000" classname="capitalOne.Qa.Test.OpenAccount.OpenAccountTestRobust">
    <error type="org.testng.TestNGException" message="
Parameter &#039;MobileNo&#039; is required by @Test on method showkotTest but has not been marked @Optional or defined
in /private/var/folders/2t/k2xbc9v56vn9jz_j2mqd4dk40000gn/T/testng-eclipse-1687199385/testng-customsuite.xml">
      <![CDATA[org.testng.TestNGException: 
Parameter 'MobileNo' is required by @Test on method showkotTest but has not been marked @Optional or defined
in /private/var/folders/2t/k2xbc9v56vn9jz_j2mqd4dk40000gn/T/testng-eclipse-1687199385/testng-customsuite.xml
at org.testng.internal.Parameters.createParams(Parameters.java:267)
at org.testng.internal.Parameters.createParametersForMethod(Parameters.java:355)
at org.testng.internal.Parameters.createParameters(Parameters.java:660)
at org.testng.internal.Parameters.handleParameters(Parameters.java:856)
at org.testng.internal.Parameters.handleParameters(Parameters.java:704)
at org.testng.internal.invokers.ParameterHandler.handleParameters(ParameterHandler.java:70)
at org.testng.internal.invokers.ParameterHandler.createParameters(ParameterHandler.java:49)
at org.testng.internal.invokers.TestInvoker$MethodInvocationAgent.invoke(TestInvoker.java:904)
at org.testng.internal.invokers.TestInvoker.invokeTestMethods(TestInvoker.java:193)
at org.testng.internal.invokers.TestMethodWorker.invokeTestMethods(TestMethodWorker.java:146)
at org.testng.internal.invokers.TestMethodWorker.run(TestMethodWorker.java:128)
at java.util.ArrayList.forEach(ArrayList.java:1259)
at org.testng.TestRunner.privateRun(TestRunner.java:808)
at org.testng.TestRunner.run(TestRunner.java:603)
at org.testng.SuiteRunner.runTest(SuiteRunner.java:429)
at org.testng.SuiteRunner.runSequentially(SuiteRunner.java:423)
at org.testng.SuiteRunner.privateRun(SuiteRunner.java:383)
at org.testng.SuiteRunner.run(SuiteRunner.java:326)
at org.testng.SuiteRunnerWorker.runSuite(SuiteRunnerWorker.java:52)
at org.testng.SuiteRunnerWorker.run(SuiteRunnerWorker.java:95)
at org.testng.TestNG.runSuitesSequentially(TestNG.java:1249)
at org.testng.TestNG.runSuitesLocally(TestNG.java:1169)
at org.testng.TestNG.runSuites(TestNG.java:1092)
at org.testng.TestNG.run(TestNG.java:1060)
at org.testng.remote.AbstractRemoteTestNG.run(AbstractRemoteTestNG.java:115)
at org.testng.remote.RemoteTestNG.initAndRun(RemoteTestNG.java:251)
at org.testng.remote.RemoteTestNG.main(RemoteTestNG.java:77)
]]>
    </error>
  </testcase> <!-- showkotTest -->
  <system-out/>
</testsuite> <!-- capitalOne.Qa.Test.OpenAccount.OpenAccountTestRobust -->
